<?xml version="1.0" encoding="UTF-8"?>
<!-- Generated by org.testng.reporters.JUnitReportReporter -->
<testsuite hostname="DESKTOP-323PRUK" failures="0" tests="1" name="com.Test.VerifyLoginpage_tc001" time="0.543" errors="0" timestamp="2022-05-03T15:53:36 IST" skipped="0">
  <testcase classname="com.Test.VerifyLoginpage_tc001" name="Verifylogin" time="0.543"/>
  <system-out/>
</testsuite> <!-- com.Test.VerifyLoginpage_tc001 -->
